<?xml version="1.0" encoding="UTF-8"?>
<testsuite name="cz.upol.jj.seminar06.TestMain" tests="5" skipped="0" failures="0" errors="0" timestamp="2021-11-16T17:24:48" hostname="LAPTOP-T9NQQG5F" time="0.057">
  <properties/>
  <testcase name="safeStackTest()" classname="cz.upol.jj.seminar06.TestMain" time="0.034"/>
  <testcase name="unsafeStackTest()" classname="cz.upol.jj.seminar06.TestMain" time="0.003"/>
  <testcase name="stackPropertiesTest()" classname="cz.upol.jj.seminar06.TestMain" time="0.001"/>
  <testcase name="safeRobotTest()" classname="cz.upol.jj.seminar06.TestMain" time="0.011"/>
  <testcase name="exceptionalRobotTest()" classname="cz.upol.jj.seminar06.TestMain" time="0.004"/>
  <system-out><![CDATA[]]></system-out>
  <system-err><![CDATA[]]></system-err>
</testsuite>
