<?xml version="1.0" encoding="UTF-8"?>
<testsuite name="cz.upol.jj.seminar08.TestMain" tests="1" skipped="0" failures="0" errors="0" timestamp="2021-12-02T10:35:20" hostname="LAPTOP-T9NQQG5F" time="0.097">
  <properties/>
  <testcase name="testStore()" classname="cz.upol.jj.seminar08.TestMain" time="0.097"/>
  <system-out><![CDATA[]]></system-out>
  <system-err><![CDATA[]]></system-err>
</testsuite>
